MESA-INTEL: warning: ../src/intel/vulkan/anv_formats.c:981: FINISHME: support more multi-planar formats with DRM modifiers
MESA-INTEL: warning: ../src/intel/vulkan/anv_formats.c:949: FINISHME: support YUV colorspace with DRM format modifiers

** (io.github.tobagin.keysmith.Devel:2): WARNING **: 20:16:05.051: HttpClient.vala:50: OAuth Scopes: write:public_key

** (io.github.tobagin.keysmith.Devel:2): WARNING **: 20:16:05.254: HttpClient.vala:50: OAuth Scopes: write:public_key

** (io.github.tobagin.keysmith.Devel:2): WARNING **: 20:16:18.945: HttpClient.vala:139: HTTP 404 error for DELETE https://api.github.com/user/keys/133725840: Not Found

** (io.github.tobagin.keysmith.Devel:2): WARNING **: 20:16:18.945: HttpClient.vala:94: DELETE response body: {"message":"Not Found","documentation_url":"https://docs.github.com/rest/users/keys#delete-a-public-ssh-key-for-the-authenticated-user","status":"404"}

** (io.github.tobagin.keysmith.Devel:2): WARNING **: 20:16:22.022: HttpClient.vala:50: OAuth Scopes: write:public_key

** (io.github.tobagin.keysmith.Devel:2): WARNING **: 20:30:58.710: HttpClient.vala:50: OAuth Scopes: admin:public_key

** (io.github.tobagin.keysmith.Devel:2): WARNING **: 20:30:58.884: HttpClient.vala:50: OAuth Scopes: admin:public_key

** (io.github.tobagin.keysmith.Devel:2): WARNING **: 20:31:02.664: HttpClient.vala:50: OAuth Scopes: admin:public_key

** (io.github.tobagin.keysmith.Devel:2): WARNING **: 20:31:03.546: HttpClient.vala:50: OAuth Scopes: admin:public_key

** (io.github.tobagin.keysmith.Devel:2): WARNING **: 20:31:21.402: HttpClient.vala:50: OAuth Scopes: admin:public_key

** (io.github.tobagin.keysmith.Devel:2): WARNING **: 20:31:24.829: HttpClient.vala:50: OAuth Scopes: admin:public_key

** (io.github.tobagin.keysmith.Devel:2): WARNING **: 20:31:30.840: HttpClient.vala:50: OAuth Scopes: admin:public_key

** (io.github.tobagin.keysmith.Devel:2): WARNING **: 20:44:52.925: HttpClient.vala:50: OAuth Scopes: admin:public_key

** (io.github.tobagin.keysmith.Devel:2): WARNING **: 20:44:55.579: HttpClient.vala:50: OAuth Scopes: admin:public_key

** (io.github.tobagin.keysmith.Devel:2): WARNING **: 20:44:56.883: HttpClient.vala:50: OAuth Scopes: admin:public_key

** (io.github.tobagin.keysmith.Devel:2): WARNING **: 20:44:58.017: HttpClient.vala:50: OAuth Scopes: admin:public_key

** (io.github.tobagin.keysmith.Devel:2): WARNING **: 20:45:40.102: HttpClient.vala:50: OAuth Scopes: admin:public_key

** (io.github.tobagin.keysmith.Devel:2): WARNING **: 20:45:44.256: HttpClient.vala:50: OAuth Scopes: admin:public_key
